<?xml version="1.0" encoding="UTF-8"?>
<!-- Generated by org.testng.reporters.JUnitReportReporter -->
<testsuite skipped="0" hostname="DESKTOP-GRA74S4" name="com.learnautomation.testcases.TestCaseWithoutFramework" tests="1" failures="0" timestamp="05 Aug 2022 01:36:47 GMT" time="12.435" errors="0">
  <testcase name="test1" time="12.435" classname="com.learnautomation.testcases.TestCaseWithoutFramework"/>
</testsuite> <!-- com.learnautomation.testcases.TestCaseWithoutFramework -->
