<?xml version="1.0" encoding="UTF-8"?>
<!-- Generated by org.testng.reporters.JUnitReportReporter -->
<testsuite skipped="0" hostname="DESKTOP-GRA74S4" name="com.learnautomation.testcases.LoginTestCRM" tests="1" failures="0" timestamp="06 Aug 2022 02:15:12 GMT" time="13.339" errors="0">
  <testcase name="loginApp" time="13.339" classname="com.learnautomation.testcases.LoginTestCRM"/>
</testsuite> <!-- com.learnautomation.testcases.LoginTestCRM -->
